[2025-06-02T06:30:20.816+0000] {local_task_job_runner.py:120} INFO - ::group::Pre task execution logs
[2025-06-02T06:30:20.832+0000] {taskinstance.py:2076} INFO - Dependencies all met for dep_context=non-requeueable deps ti=<TaskInstance: mlops_dvc_pipeline.download_data manual__2025-06-02T06:30:20.650962+00:00 [queued]>
[2025-06-02T06:30:20.839+0000] {taskinstance.py:2076} INFO - Dependencies all met for dep_context=requeueable deps ti=<TaskInstance: mlops_dvc_pipeline.download_data manual__2025-06-02T06:30:20.650962+00:00 [queued]>
[2025-06-02T06:30:20.839+0000] {taskinstance.py:2306} INFO - Starting attempt 1 of 1
[2025-06-02T06:30:20.847+0000] {taskinstance.py:2330} INFO - Executing <Task(BashOperator): download_data> on 2025-06-02 06:30:20.650962+00:00
[2025-06-02T06:30:20.851+0000] {logging_mixin.py:188} WARNING - /home/***/.local/lib/python3.12/site-packages/***/task/task_runner/standard_task_runner.py:61 DeprecationWarning: This process (pid=850) is multi-threaded, use of fork() may lead to deadlocks in the child.
[2025-06-02T06:30:20.851+0000] {standard_task_runner.py:63} INFO - Started process 851 to run task
[2025-06-02T06:30:20.851+0000] {standard_task_runner.py:90} INFO - Running: ['***', 'tasks', 'run', 'mlops_dvc_pipeline', 'download_data', 'manual__2025-06-02T06:30:20.650962+00:00', '--job-id', '3', '--raw', '--subdir', 'DAGS_FOLDER/mlops_pipeline.py', '--cfg-path', '/tmp/tmp5a0epbzu']
[2025-06-02T06:30:20.853+0000] {standard_task_runner.py:91} INFO - Job 3: Subtask download_data
[2025-06-02T06:30:20.859+0000] {logging_mixin.py:188} WARNING - /home/***/.local/lib/python3.12/site-packages/***/settings.py:195 DeprecationWarning: The sql_alchemy_conn option in [core] has been moved to the sql_alchemy_conn option in [database] - the old setting has been used, but please update your config.
[2025-06-02T06:30:20.882+0000] {task_command.py:426} INFO - Running <TaskInstance: mlops_dvc_pipeline.download_data manual__2025-06-02T06:30:20.650962+00:00 [running]> on host a51904f1f82e
[2025-06-02T06:30:20.962+0000] {taskinstance.py:2648} INFO - Exporting env vars: AIRFLOW_CTX_DAG_OWNER='***' AIRFLOW_CTX_DAG_ID='mlops_dvc_pipeline' AIRFLOW_CTX_TASK_ID='download_data' AIRFLOW_CTX_EXECUTION_DATE='2025-06-02T06:30:20.650962+00:00' AIRFLOW_CTX_TRY_NUMBER='1' AIRFLOW_CTX_DAG_RUN_ID='manual__2025-06-02T06:30:20.650962+00:00'
[2025-06-02T06:30:20.962+0000] {taskinstance.py:430} INFO - ::endgroup::
[2025-06-02T06:30:20.983+0000] {subprocess.py:63} INFO - Tmp dir root location: /tmp
[2025-06-02T06:30:20.984+0000] {subprocess.py:75} INFO - Running command: ['/usr/bin/bash', '-c', 'dvc repro download']
[2025-06-02T06:30:20.989+0000] {subprocess.py:86} INFO - Output:
[2025-06-02T06:30:20.990+0000] {subprocess.py:93} INFO - /usr/bin/bash: line 1: dvc: command not found
[2025-06-02T06:30:20.990+0000] {subprocess.py:97} INFO - Command exited with return code 127
[2025-06-02T06:30:20.990+0000] {taskinstance.py:441} INFO - ::group::Post task execution logs
[2025-06-02T06:30:20.997+0000] {taskinstance.py:2905} ERROR - Task failed with exception
Traceback (most recent call last):
  File "/home/airflow/.local/lib/python3.12/site-packages/airflow/models/taskinstance.py", line 465, in _execute_task
    result = _execute_callable(context=context, **execute_callable_kwargs)
             ^^^^^^^^^^^^^^^^^^^^^^^^^^^^^^^^^^^^^^^^^^^^^^^^^^^^^^^^^^^^^
  File "/home/airflow/.local/lib/python3.12/site-packages/airflow/models/taskinstance.py", line 432, in _execute_callable
    return execute_callable(context=context, **execute_callable_kwargs)
           ^^^^^^^^^^^^^^^^^^^^^^^^^^^^^^^^^^^^^^^^^^^^^^^^^^^^^^^^^^^^
  File "/home/airflow/.local/lib/python3.12/site-packages/airflow/models/baseoperator.py", line 400, in wrapper
    return func(self, *args, **kwargs)
           ^^^^^^^^^^^^^^^^^^^^^^^^^^^
  File "/home/airflow/.local/lib/python3.12/site-packages/airflow/operators/bash.py", line 243, in execute
    raise AirflowException(
airflow.exceptions.AirflowException: Bash command failed. The command returned a non-zero exit code 127.
[2025-06-02T06:30:21.001+0000] {taskinstance.py:1206} INFO - Marking task as FAILED. dag_id=mlops_dvc_pipeline, task_id=download_data, run_id=manual__2025-06-02T06:30:20.650962+00:00, execution_date=20250602T063020, start_date=20250602T063020, end_date=20250602T063021
[2025-06-02T06:30:21.011+0000] {standard_task_runner.py:110} ERROR - Failed to execute job 3 for task download_data (Bash command failed. The command returned a non-zero exit code 127.; 851)
[2025-06-02T06:30:21.024+0000] {local_task_job_runner.py:240} INFO - Task exited with return code 1
[2025-06-02T06:30:21.045+0000] {taskinstance.py:3498} INFO - 0 downstream tasks scheduled from follow-on schedule check
[2025-06-02T06:30:21.047+0000] {local_task_job_runner.py:222} INFO - ::endgroup::
